<testsuite name="Mocha Tests" tests="1" failures="0" errors="0" skipped="0" timestamp="Thu, 15 Sep 2016 14:55:49 GMT" time="0.003">
<testcase classname="Array #indexOf()" name="should return -1 when the value is not present" time="0"/>
</testsuite>
